<?xml version="1.0" encoding="UTF-8"?>
<Site BuildName="Win32-MSBuild"
	BuildStamp="20260418-0732-Experimental"
	Name="LAPTOP-4G8IDKHU"
	Generator="ctest-4.2.3"
	CompilerName="C:/Program Files/Microsoft Visual Studio/18/Community/VC/Tools/MSVC/14.50.35717/bin/Hostx64/x64/cl.exe"
	CompilerVersion="19.50.35729.0"
	OSName="Windows"
	Hostname="LAPTOP-4G8IDKHU"
	OSRelease="10.0.26200"
	OSVersion="Windows 10"
	OSPlatform="AMD64"
	Is64Bits="1"
	VendorString="GenuineIntel"
	VendorID="Intel Corporation"
	FamilyID="6"
	ModelID="5"
	ModelName=""
	ProcessorCacheSize="-1"
	NumberOfLogicalCPU="8"
	NumberOfPhysicalCPU="4"
	TotalVirtualMemory="20722"
	TotalPhysicalMemory="8029"
	LogicalProcessorsPerPhysical="2"
	ProcessorClockFrequency="2496"
	>
	<Testing>
		<StartDateTime>Apr 18 20:10 SE Asia Standard Time</StartDateTime>
		<StartTestTime>1776517811</StartTestTime>
		<TestList/>
		<EndDateTime>Apr 18 20:10 SE Asia Standard Time</EndDateTime>
		<EndTestTime>1776517811</EndTestTime>
		<ElapsedMinutes>0</ElapsedMinutes>
	</Testing>
</Site>
