<?xml version="1.0" encoding="UTF-8"?>
<Site BuildName="Win32-mingw32-make"
	BuildStamp="20260418-0732-Experimental"
	Name="LAPTOP-4G8IDKHU"
	Generator="ctest-4.2.3"
	CompilerName="C:/ProgramData/mingw64/mingw64/bin/g++.exe"
	CompilerVersion="15.2.0"
	OSName="Windows"
	Hostname="LAPTOP-4G8IDKHU"
	OSRelease="10.0.26200"
	OSVersion="Windows 10"
	OSPlatform="AMD64"
	Is64Bits="1"
	VendorString="GenuineIntel"
	VendorID="Intel Corporation"
	FamilyID="6"
	ModelID="5"
	ModelName=""
	ProcessorCacheSize="-1"
	NumberOfLogicalCPU="8"
	NumberOfPhysicalCPU="4"
	TotalVirtualMemory="25316"
	TotalPhysicalMemory="8029"
	LogicalProcessorsPerPhysical="2"
	ProcessorClockFrequency="2496"
	>
	<Testing>
		<StartDateTime>Apr 21 20:48 SE Asia Standard Time</StartDateTime>
		<StartTestTime>1776779301</StartTestTime>
		<TestList/>
		<EndDateTime>Apr 21 20:48 SE Asia Standard Time</EndDateTime>
		<EndTestTime>1776779301</EndTestTime>
		<ElapsedMinutes>0</ElapsedMinutes>
	</Testing>
</Site>
